<?xml version="1.0" encoding="UTF-8"?>
<!-- Generated by org.testng.reporters.JUnitXMLReporter -->
<testsuite ignored="0" hostname="Anu_Computer" failures="1" tests="10" name="Test" time="40.617" errors="0" timestamp="2026-01-06T21:59:45 PST">
  <testcase classname="testCases.TC01_LaunchApplication" name="testLaunchApplication" time="0.068">
    <failure type="java.lang.NullPointerException" message="Cannot invoke &amp;quot;org.openqa.selenium.WebDriver.getTitle()&amp;quot; because &amp;quot;this.driver&amp;quot; is null">
      <![CDATA[java.lang.NullPointerException: Cannot invoke "org.openqa.selenium.WebDriver.getTitle()" because "this.driver" is null
at testCases.TC01_LaunchApplication.testLaunchApplication(TC01_LaunchApplication.java:20)
at java.base/java.util.ArrayList.forEach(ArrayList.java:1596)
... Removed 25 stack frames]]>
    </failure>
  </testcase> <!-- testLaunchApplication -->
  <testcase classname="testCases.TC03_AddToCart" name="testAddToCart" time="4.731"/>
  <testcase classname="testCases.TC05_AddToWishList" name="testAddToWishList" time="3.155"/>
  <testcase classname="testCases.TC06_AddAffiliate" name="testAddAffiliate" time="3.633"/>
  <testcase classname="testCases.TC02_Login" name="testLogin" time="1.188"/>
  <testcase classname="testCases.TC02_Login" name="testLogin" time="0.992"/>
  <testcase classname="testCases.TC02_Login" name="testLogin" time="1.071"/>
  <testcase classname="testCases.TC02_Login" name="testLogin" time="1.159"/>
  <testcase classname="testCases.TC02_Login" name="testLogin" time="1.111"/>
  <testcase classname="testCases.TC04_CompletePurchase" name="testCompletePurchase" time="7.762"/>
</testsuite> <!-- Test -->
