<?xml version="1.0" encoding="UTF-8"?>
<!-- Generated by org.testng.reporters.JUnitReportReporter -->
<testsuite hostname="Anu_Computer" failures="0" tests="3" name="testCases.TC03_AddToCart" time="21.857" errors="0" timestamp="2026-01-11T20:45:30 PST" skipped="0">
  <testcase classname="testCases.TC03_AddToCart" name="testAddToCart" time="5.832"/>
  <testcase classname="testCases.TC03_AddToCart" name="testAddToCart" time="5.930"/>
  <testcase classname="testCases.TC03_AddToCart" name="testAddToCart" time="10.095"/>
</testsuite> <!-- testCases.TC03_AddToCart -->
