<?xml version="1.0" encoding="UTF-8"?>
<!-- Generated by org.testng.reporters.JUnitReportReporter -->
<testsuite hostname="Anu_Computer" failures="0" tests="15" name="testCases.TC02_Login" time="79.789" errors="0" timestamp="2026-01-11T20:45:30 PST" skipped="0">
  <testcase classname="testCases.TC02_Login" name="testLogin" time="3.224"/>
  <testcase classname="testCases.TC02_Login" name="testLogin" time="2.707"/>
  <testcase classname="testCases.TC02_Login" name="testLogin" time="2.840"/>
  <testcase classname="testCases.TC02_Login" name="testLogin" time="1.830"/>
  <testcase classname="testCases.TC02_Login" name="testLogin" time="1.772"/>
  <testcase classname="testCases.TC02_Login" name="testLogin" time="3.758"/>
  <testcase classname="testCases.TC02_Login" name="testLogin" time="3.174"/>
  <testcase classname="testCases.TC02_Login" name="testLogin" time="18.724"/>
  <testcase classname="testCases.TC02_Login" name="testLogin" time="5.283"/>
  <testcase classname="testCases.TC02_Login" name="testLogin" time="3.905"/>
  <testcase classname="testCases.TC02_Login" name="testLogin" time="2.878"/>
  <testcase classname="testCases.TC02_Login" name="testLogin" time="10.615"/>
  <testcase classname="testCases.TC02_Login" name="testLogin" time="4.773"/>
  <testcase classname="testCases.TC02_Login" name="testLogin" time="10.352"/>
  <testcase classname="testCases.TC02_Login" name="testLogin" time="3.954"/>
</testsuite> <!-- testCases.TC02_Login -->
