<?xml version="1.0" encoding="UTF-8"?>
<!-- Generated by org.testng.reporters.JUnitReportReporter -->
<testsuite hostname="Anu_Computer" failures="0" tests="3" name="testCases.TC01_LaunchApplication" time="0.234" errors="0" timestamp="2026-01-11T20:45:30 PST" skipped="0">
  <testcase classname="testCases.TC01_LaunchApplication" name="testLaunchApplication" time="0.044"/>
  <testcase classname="testCases.TC01_LaunchApplication" name="testLaunchApplication" time="0.165"/>
  <testcase classname="testCases.TC01_LaunchApplication" name="testLaunchApplication" time="0.025"/>
</testsuite> <!-- testCases.TC01_LaunchApplication -->
