<?xml version="1.0" encoding="UTF-8"?>
<!-- Generated by org.testng.reporters.JUnitReportReporter -->
<testsuite hostname="Anu_Computer" failures="0" tests="3" name="testCases.TC03_AddToCart" time="18.528" errors="0" timestamp="2026-01-11T22:53:09 PST" skipped="0">
  <testcase classname="testCases.TC03_AddToCart" name="testAddToCart" time="8.926"/>
  <testcase classname="testCases.TC03_AddToCart" name="testAddToCart" time="5.248"/>
  <testcase classname="testCases.TC03_AddToCart" name="testAddToCart" time="4.354"/>
</testsuite> <!-- testCases.TC03_AddToCart -->
