<?xml version="1.0" encoding="UTF-8"?>
<!-- Generated by org.testng.reporters.JUnitReportReporter -->
<testsuite hostname="Anu_Computer" failures="0" tests="3" name="testCases.TC06_AddAffiliate" time="18.558" errors="0" timestamp="2026-01-11T22:53:09 PST" skipped="0">
  <testcase classname="testCases.TC06_AddAffiliate" name="testAddAffiliate" time="6.967"/>
  <testcase classname="testCases.TC06_AddAffiliate" name="testAddAffiliate" time="5.489"/>
  <testcase classname="testCases.TC06_AddAffiliate" name="testAddAffiliate" time="6.102"/>
</testsuite> <!-- testCases.TC06_AddAffiliate -->
