<?xml version="1.0" encoding="UTF-8"?>
<!-- Generated by org.testng.reporters.JUnitReportReporter -->
<testsuite hostname="Anu_Computer" failures="0" tests="3" name="testCases.TC01_LaunchApplication" time="0.137" errors="0" timestamp="2026-01-11T22:53:09 PST" skipped="0">
  <testcase classname="testCases.TC01_LaunchApplication" name="testLaunchApplication" time="0.019"/>
  <testcase classname="testCases.TC01_LaunchApplication" name="testLaunchApplication" time="0.074"/>
  <testcase classname="testCases.TC01_LaunchApplication" name="testLaunchApplication" time="0.044"/>
</testsuite> <!-- testCases.TC01_LaunchApplication -->
