<?xml version="1.0" encoding="UTF-8"?>
<!-- Generated by org.testng.reporters.JUnitReportReporter -->
<testsuite hostname="Anu_Computer" failures="0" tests="15" name="testCases.TC02_Login" time="45.768" errors="0" timestamp="2026-01-11T22:53:09 PST" skipped="0">
  <testcase classname="testCases.TC02_Login" name="testLogin" time="2.990"/>
  <testcase classname="testCases.TC02_Login" name="testLogin" time="3.785"/>
  <testcase classname="testCases.TC02_Login" name="testLogin" time="3.200"/>
  <testcase classname="testCases.TC02_Login" name="testLogin" time="1.167"/>
  <testcase classname="testCases.TC02_Login" name="testLogin" time="2.091"/>
  <testcase classname="testCases.TC02_Login" name="testLogin" time="3.534"/>
  <testcase classname="testCases.TC02_Login" name="testLogin" time="2.897"/>
  <testcase classname="testCases.TC02_Login" name="testLogin" time="5.455"/>
  <testcase classname="testCases.TC02_Login" name="testLogin" time="4.143"/>
  <testcase classname="testCases.TC02_Login" name="testLogin" time="1.864"/>
  <testcase classname="testCases.TC02_Login" name="testLogin" time="5.332"/>
  <testcase classname="testCases.TC02_Login" name="testLogin" time="1.790"/>
  <testcase classname="testCases.TC02_Login" name="testLogin" time="3.108"/>
  <testcase classname="testCases.TC02_Login" name="testLogin" time="2.702"/>
  <testcase classname="testCases.TC02_Login" name="testLogin" time="1.710"/>
</testsuite> <!-- testCases.TC02_Login -->
